<?xml version="1.0" encoding="UTF-8"?>
<testng-results skipped="0" failed="2" total="31" passed="29">
  <reporter-output>
  </reporter-output>
  <suite name="Suite" duration-ms="83" started-at="2015-11-24T09:26:16Z" finished-at="2015-11-24T09:26:17Z">
    <groups>
      <group name="rectangle">
        <method signature="PositiveTestsNG.testRectangleGetPerimeter(double, double)[pri:0, instance:environment.TestFactory@2abe707a]" name="testRectangleGetPerimeter" class="environment.PositiveTestsNG"/>
        <method signature="PositiveTestsNG.testRectangleGetPerimeter(double, double)[pri:0, instance:environment.TestFactory@7bc0bd17]" name="testRectangleGetPerimeter" class="environment.PositiveTestsNG"/>
        <method signature="PositiveTestsNG.testRectangleGetPerimeter(double, double)[pri:0, instance:environment.TestFactory@8492b68]" name="testRectangleGetPerimeter" class="environment.PositiveTestsNG"/>
        <method signature="PositiveTestsNG.testRectangleGetSquare(double, double)[pri:0, instance:environment.TestFactory@2abe707a]" name="testRectangleGetSquare" class="environment.PositiveTestsNG"/>
        <method signature="PositiveTestsNG.testRectangleGetSquare(double, double)[pri:0, instance:environment.TestFactory@7bc0bd17]" name="testRectangleGetSquare" class="environment.PositiveTestsNG"/>
        <method signature="PositiveTestsNG.testRectangleGetSquare(double, double)[pri:0, instance:environment.TestFactory@8492b68]" name="testRectangleGetSquare" class="environment.PositiveTestsNG"/>
        <method signature="PositiveTestsNG.testRectangleIsQuadrate()[pri:0, instance:environment.TestFactory@2abe707a]" name="testRectangleIsQuadrate" class="environment.PositiveTestsNG"/>
        <method signature="PositiveTestsNG.testRectangleIsQuadrate()[pri:0, instance:environment.TestFactory@7bc0bd17]" name="testRectangleIsQuadrate" class="environment.PositiveTestsNG"/>
        <method signature="PositiveTestsNG.testRectangleIsQuadrate()[pri:0, instance:environment.TestFactory@8492b68]" name="testRectangleIsQuadrate" class="environment.PositiveTestsNG"/>
      </group> <!-- rectangle -->
      <group name="quadrate">
        <method signature="PositiveTestsNG.testQuadrateGetPerimeter()[pri:0, instance:environment.TestFactory@2abe707a]" name="testQuadrateGetPerimeter" class="environment.PositiveTestsNG"/>
        <method signature="PositiveTestsNG.testQuadrateGetPerimeter()[pri:0, instance:environment.TestFactory@7bc0bd17]" name="testQuadrateGetPerimeter" class="environment.PositiveTestsNG"/>
        <method signature="PositiveTestsNG.testQuadrateGetPerimeter()[pri:0, instance:environment.TestFactory@8492b68]" name="testQuadrateGetPerimeter" class="environment.PositiveTestsNG"/>
        <method signature="PositiveTestsNG.testQuadrateGetSquare()[pri:0, instance:environment.TestFactory@2abe707a]" name="testQuadrateGetSquare" class="environment.PositiveTestsNG"/>
        <method signature="PositiveTestsNG.testQuadrateGetSquare()[pri:0, instance:environment.TestFactory@7bc0bd17]" name="testQuadrateGetSquare" class="environment.PositiveTestsNG"/>
        <method signature="PositiveTestsNG.testQuadrateGetSquare()[pri:0, instance:environment.TestFactory@8492b68]" name="testQuadrateGetSquare" class="environment.PositiveTestsNG"/>
      </group> <!-- quadrate -->
      <group name="circle">
        <method signature="PositiveTestsNG.testCircleGetCircumference()[pri:1, instance:environment.TestFactory@2abe707a]" name="testCircleGetCircumference" class="environment.PositiveTestsNG"/>
        <method signature="PositiveTestsNG.testCircleGetCircumference()[pri:1, instance:environment.TestFactory@7bc0bd17]" name="testCircleGetCircumference" class="environment.PositiveTestsNG"/>
        <method signature="PositiveTestsNG.testCircleGetCircumference()[pri:1, instance:environment.TestFactory@8492b68]" name="testCircleGetCircumference" class="environment.PositiveTestsNG"/>
        <method signature="PositiveTestsNG.testCircleGetSquare()[pri:2, instance:environment.TestFactory@2abe707a]" name="testCircleGetSquare" class="environment.PositiveTestsNG"/>
        <method signature="PositiveTestsNG.testCircleGetSquare()[pri:2, instance:environment.TestFactory@7bc0bd17]" name="testCircleGetSquare" class="environment.PositiveTestsNG"/>
        <method signature="PositiveTestsNG.testCircleGetSquare()[pri:2, instance:environment.TestFactory@8492b68]" name="testCircleGetSquare" class="environment.PositiveTestsNG"/>
        <method signature="PositiveTestsNG.testCircleNullPointer()[pri:0, instance:environment.TestFactory@2abe707a]" name="testCircleNullPointer" class="environment.PositiveTestsNG"/>
        <method signature="PositiveTestsNG.testCircleNullPointer()[pri:0, instance:environment.TestFactory@7bc0bd17]" name="testCircleNullPointer" class="environment.PositiveTestsNG"/>
        <method signature="PositiveTestsNG.testCircleNullPointer()[pri:0, instance:environment.TestFactory@8492b68]" name="testCircleNullPointer" class="environment.PositiveTestsNG"/>
      </group> <!-- circle -->
    </groups>
    <test name="Test" duration-ms="83" started-at="2015-11-24T09:26:16Z" finished-at="2015-11-24T09:26:17Z">
      <class name="environment.TestFactory">
        <test-method status="PASS" signature="testCircleNullPointer()[pri:0, instance:environment.TestFactory@2abe707a]" name="testCircleNullPointer" duration-ms="3" started-at="2015-11-24T12:26:16Z" finished-at="2015-11-24T12:26:16Z">
          <exception class="java.lang.NullPointerException">
            <full-stacktrace>
              <![CDATA[java.lang.NullPointerException
	at environment.PositiveTestsNG.testCircleNullPointer(PositiveTestsNG.java:49)
	at sun.reflect.NativeMethodAccessorImpl.invoke0(Native Method)
	at sun.reflect.NativeMethodAccessorImpl.invoke(NativeMethodAccessorImpl.java:57)
	at sun.reflect.DelegatingMethodAccessorImpl.invoke(DelegatingMethodAccessorImpl.java:43)
	at java.lang.reflect.Method.invoke(Method.java:606)
	at org.testng.internal.MethodInvocationHelper.invokeMethod(MethodInvocationHelper.java:85)
	at org.testng.internal.Invoker.invokeMethod(Invoker.java:639)
	at org.testng.internal.Invoker.invokeTestMethod(Invoker.java:816)
	at org.testng.internal.Invoker.invokeTestMethods(Invoker.java:1124)
	at org.testng.internal.TestMethodWorker.invokeTestMethods(TestMethodWorker.java:125)
	at org.testng.internal.TestMethodWorker.run(TestMethodWorker.java:108)
	at org.testng.TestRunner.privateRun(TestRunner.java:774)
	at org.testng.TestRunner.run(TestRunner.java:624)
	at org.testng.SuiteRunner.runTest(SuiteRunner.java:359)
	at org.testng.SuiteRunner.runSequentially(SuiteRunner.java:354)
	at org.testng.SuiteRunner.privateRun(SuiteRunner.java:312)
	at org.testng.SuiteRunner.run(SuiteRunner.java:261)
	at org.testng.SuiteRunnerWorker.runSuite(SuiteRunnerWorker.java:52)
	at org.testng.SuiteRunnerWorker.run(SuiteRunnerWorker.java:86)
	at org.testng.TestNG.runSuitesSequentially(TestNG.java:1215)
	at org.testng.TestNG.runSuitesLocally(TestNG.java:1140)
	at org.testng.TestNG.run(TestNG.java:1048)
	at org.testng.remote.RemoteTestNG.run(RemoteTestNG.java:112)
	at org.testng.remote.RemoteTestNG.initAndRun(RemoteTestNG.java:205)
	at org.testng.remote.RemoteTestNG.main(RemoteTestNG.java:176)
]]>
            </full-stacktrace>
          </exception> <!-- java.lang.NullPointerException -->
          <reporter-output>
          </reporter-output>
        </test-method> <!-- testCircleNullPointer -->
        <test-method status="PASS" signature="testCircleNullPointer()[pri:0, instance:environment.TestFactory@7bc0bd17]" name="testCircleNullPointer" duration-ms="0" started-at="2015-11-24T12:26:16Z" finished-at="2015-11-24T12:26:16Z">
          <exception class="java.lang.NullPointerException">
            <full-stacktrace>
              <![CDATA[java.lang.NullPointerException
	at environment.PositiveTestsNG.testCircleNullPointer(PositiveTestsNG.java:49)
	at sun.reflect.NativeMethodAccessorImpl.invoke0(Native Method)
	at sun.reflect.NativeMethodAccessorImpl.invoke(NativeMethodAccessorImpl.java:57)
	at sun.reflect.DelegatingMethodAccessorImpl.invoke(DelegatingMethodAccessorImpl.java:43)
	at java.lang.reflect.Method.invoke(Method.java:606)
	at org.testng.internal.MethodInvocationHelper.invokeMethod(MethodInvocationHelper.java:85)
	at org.testng.internal.Invoker.invokeMethod(Invoker.java:639)
	at org.testng.internal.Invoker.invokeTestMethod(Invoker.java:816)
	at org.testng.internal.Invoker.invokeTestMethods(Invoker.java:1124)
	at org.testng.internal.TestMethodWorker.invokeTestMethods(TestMethodWorker.java:125)
	at org.testng.internal.TestMethodWorker.run(TestMethodWorker.java:108)
	at org.testng.TestRunner.privateRun(TestRunner.java:774)
	at org.testng.TestRunner.run(TestRunner.java:624)
	at org.testng.SuiteRunner.runTest(SuiteRunner.java:359)
	at org.testng.SuiteRunner.runSequentially(SuiteRunner.java:354)
	at org.testng.SuiteRunner.privateRun(SuiteRunner.java:312)
	at org.testng.SuiteRunner.run(SuiteRunner.java:261)
	at org.testng.SuiteRunnerWorker.runSuite(SuiteRunnerWorker.java:52)
	at org.testng.SuiteRunnerWorker.run(SuiteRunnerWorker.java:86)
	at org.testng.TestNG.runSuitesSequentially(TestNG.java:1215)
	at org.testng.TestNG.runSuitesLocally(TestNG.java:1140)
	at org.testng.TestNG.run(TestNG.java:1048)
	at org.testng.remote.RemoteTestNG.run(RemoteTestNG.java:112)
	at org.testng.remote.RemoteTestNG.initAndRun(RemoteTestNG.java:205)
	at org.testng.remote.RemoteTestNG.main(RemoteTestNG.java:176)
]]>
            </full-stacktrace>
          </exception> <!-- java.lang.NullPointerException -->
          <reporter-output>
          </reporter-output>
        </test-method> <!-- testCircleNullPointer -->
        <test-method status="PASS" signature="testCircleNullPointer()[pri:0, instance:environment.TestFactory@8492b68]" name="testCircleNullPointer" duration-ms="0" started-at="2015-11-24T12:26:16Z" finished-at="2015-11-24T12:26:16Z">
          <exception class="java.lang.NullPointerException">
            <full-stacktrace>
              <![CDATA[java.lang.NullPointerException
	at environment.PositiveTestsNG.testCircleNullPointer(PositiveTestsNG.java:49)
	at sun.reflect.NativeMethodAccessorImpl.invoke0(Native Method)
	at sun.reflect.NativeMethodAccessorImpl.invoke(NativeMethodAccessorImpl.java:57)
	at sun.reflect.DelegatingMethodAccessorImpl.invoke(DelegatingMethodAccessorImpl.java:43)
	at java.lang.reflect.Method.invoke(Method.java:606)
	at org.testng.internal.MethodInvocationHelper.invokeMethod(MethodInvocationHelper.java:85)
	at org.testng.internal.Invoker.invokeMethod(Invoker.java:639)
	at org.testng.internal.Invoker.invokeTestMethod(Invoker.java:816)
	at org.testng.internal.Invoker.invokeTestMethods(Invoker.java:1124)
	at org.testng.internal.TestMethodWorker.invokeTestMethods(TestMethodWorker.java:125)
	at org.testng.internal.TestMethodWorker.run(TestMethodWorker.java:108)
	at org.testng.TestRunner.privateRun(TestRunner.java:774)
	at org.testng.TestRunner.run(TestRunner.java:624)
	at org.testng.SuiteRunner.runTest(SuiteRunner.java:359)
	at org.testng.SuiteRunner.runSequentially(SuiteRunner.java:354)
	at org.testng.SuiteRunner.privateRun(SuiteRunner.java:312)
	at org.testng.SuiteRunner.run(SuiteRunner.java:261)
	at org.testng.SuiteRunnerWorker.runSuite(SuiteRunnerWorker.java:52)
	at org.testng.SuiteRunnerWorker.run(SuiteRunnerWorker.java:86)
	at org.testng.TestNG.runSuitesSequentially(TestNG.java:1215)
	at org.testng.TestNG.runSuitesLocally(TestNG.java:1140)
	at org.testng.TestNG.run(TestNG.java:1048)
	at org.testng.remote.RemoteTestNG.run(RemoteTestNG.java:112)
	at org.testng.remote.RemoteTestNG.initAndRun(RemoteTestNG.java:205)
	at org.testng.remote.RemoteTestNG.main(RemoteTestNG.java:176)
]]>
            </full-stacktrace>
          </exception> <!-- java.lang.NullPointerException -->
          <reporter-output>
          </reporter-output>
        </test-method> <!-- testCircleNullPointer -->
        <test-method status="PASS" signature="testCircleGetCircumference()[pri:1, instance:environment.TestFactory@2abe707a]" name="testCircleGetCircumference" duration-ms="2" started-at="2015-11-24T12:26:17Z" finished-at="2015-11-24T12:26:17Z">
          <reporter-output>
          </reporter-output>
        </test-method> <!-- testCircleGetCircumference -->
        <test-method status="PASS" signature="testCircleGetCircumference()[pri:1, instance:environment.TestFactory@7bc0bd17]" name="testCircleGetCircumference" duration-ms="1" started-at="2015-11-24T12:26:17Z" finished-at="2015-11-24T12:26:17Z">
          <reporter-output>
          </reporter-output>
        </test-method> <!-- testCircleGetCircumference -->
        <test-method status="PASS" signature="testCircleGetCircumference()[pri:1, instance:environment.TestFactory@8492b68]" name="testCircleGetCircumference" duration-ms="2" started-at="2015-11-24T12:26:17Z" finished-at="2015-11-24T12:26:17Z">
          <reporter-output>
          </reporter-output>
        </test-method> <!-- testCircleGetCircumference -->
        <test-method status="PASS" signature="testCircleGetSquare()[pri:2, instance:environment.TestFactory@2abe707a]" name="testCircleGetSquare" duration-ms="1" started-at="2015-11-24T12:26:17Z" finished-at="2015-11-24T12:26:17Z">
          <reporter-output>
          </reporter-output>
        </test-method> <!-- testCircleGetSquare -->
        <test-method status="PASS" signature="testCircleGetSquare()[pri:2, instance:environment.TestFactory@7bc0bd17]" name="testCircleGetSquare" duration-ms="1" started-at="2015-11-24T12:26:17Z" finished-at="2015-11-24T12:26:17Z">
          <reporter-output>
          </reporter-output>
        </test-method> <!-- testCircleGetSquare -->
        <test-method status="PASS" signature="testCircleGetSquare()[pri:2, instance:environment.TestFactory@8492b68]" name="testCircleGetSquare" duration-ms="1" started-at="2015-11-24T12:26:17Z" finished-at="2015-11-24T12:26:17Z">
          <reporter-output>
          </reporter-output>
        </test-method> <!-- testCircleGetSquare -->
        <test-method status="PASS" signature="testQuadrateGetPerimeter()[pri:0, instance:environment.TestFactory@2abe707a]" name="testQuadrateGetPerimeter" duration-ms="0" depends-on-groups="circle" started-at="2015-11-24T12:26:17Z" finished-at="2015-11-24T12:26:17Z">
          <reporter-output>
          </reporter-output>
        </test-method> <!-- testQuadrateGetPerimeter -->
        <test-method status="PASS" signature="testQuadrateGetPerimeter()[pri:0, instance:environment.TestFactory@7bc0bd17]" name="testQuadrateGetPerimeter" duration-ms="0" depends-on-groups="circle" started-at="2015-11-24T12:26:17Z" finished-at="2015-11-24T12:26:17Z">
          <reporter-output>
          </reporter-output>
        </test-method> <!-- testQuadrateGetPerimeter -->
        <test-method status="PASS" signature="testQuadrateGetPerimeter()[pri:0, instance:environment.TestFactory@8492b68]" name="testQuadrateGetPerimeter" duration-ms="1" depends-on-groups="circle" started-at="2015-11-24T12:26:17Z" finished-at="2015-11-24T12:26:17Z">
          <reporter-output>
          </reporter-output>
        </test-method> <!-- testQuadrateGetPerimeter -->
        <test-method status="PASS" signature="testQuadrateGetSquare()[pri:0, instance:environment.TestFactory@2abe707a]" name="testQuadrateGetSquare" duration-ms="0" depends-on-groups="circle" started-at="2015-11-24T12:26:17Z" finished-at="2015-11-24T12:26:17Z">
          <reporter-output>
          </reporter-output>
        </test-method> <!-- testQuadrateGetSquare -->
        <test-method status="PASS" signature="testQuadrateGetSquare()[pri:0, instance:environment.TestFactory@7bc0bd17]" name="testQuadrateGetSquare" duration-ms="1" depends-on-groups="circle" started-at="2015-11-24T12:26:17Z" finished-at="2015-11-24T12:26:17Z">
          <reporter-output>
          </reporter-output>
        </test-method> <!-- testQuadrateGetSquare -->
        <test-method status="PASS" signature="testQuadrateGetSquare()[pri:0, instance:environment.TestFactory@8492b68]" name="testQuadrateGetSquare" duration-ms="0" depends-on-groups="circle" started-at="2015-11-24T12:26:17Z" finished-at="2015-11-24T12:26:17Z">
          <reporter-output>
          </reporter-output>
        </test-method> <!-- testQuadrateGetSquare -->
        <test-method status="PASS" signature="testRectangleGetPerimeter(double, double)[pri:0, instance:environment.TestFactory@2abe707a]" name="testRectangleGetPerimeter" duration-ms="1" depends-on-groups="quadrate" started-at="2015-11-24T12:26:17Z" data-provider="sidesValueDataProvider" finished-at="2015-11-24T12:26:17Z">
          <params>
            <param index="0">
              <value>
                <![CDATA[1.0]]>
              </value>
            </param>
            <param index="1">
              <value>
                <![CDATA[1.0]]>
              </value>
            </param>
          </params>
          <reporter-output>
          </reporter-output>
        </test-method> <!-- testRectangleGetPerimeter -->
        <test-method status="PASS" signature="testRectangleGetPerimeter(double, double)[pri:0, instance:environment.TestFactory@2abe707a]" name="testRectangleGetPerimeter" duration-ms="0" depends-on-groups="quadrate" started-at="2015-11-24T12:26:17Z" data-provider="sidesValueDataProvider" finished-at="2015-11-24T12:26:17Z">
          <params>
            <param index="0">
              <value>
                <![CDATA[2.0]]>
              </value>
            </param>
            <param index="1">
              <value>
                <![CDATA[2.0]]>
              </value>
            </param>
          </params>
          <reporter-output>
          </reporter-output>
        </test-method> <!-- testRectangleGetPerimeter -->
        <test-method status="PASS" signature="testRectangleGetPerimeter(double, double)[pri:0, instance:environment.TestFactory@2abe707a]" name="testRectangleGetPerimeter" duration-ms="1" depends-on-groups="quadrate" started-at="2015-11-24T12:26:17Z" data-provider="sidesValueDataProvider" finished-at="2015-11-24T12:26:17Z">
          <params>
            <param index="0">
              <value>
                <![CDATA[1000000.0]]>
              </value>
            </param>
            <param index="1">
              <value>
                <![CDATA[123456.0]]>
              </value>
            </param>
          </params>
          <reporter-output>
          </reporter-output>
        </test-method> <!-- testRectangleGetPerimeter -->
        <test-method status="PASS" signature="testRectangleGetPerimeter(double, double)[pri:0, instance:environment.TestFactory@7bc0bd17]" name="testRectangleGetPerimeter" duration-ms="0" depends-on-groups="quadrate" started-at="2015-11-24T12:26:17Z" data-provider="sidesValueDataProvider" finished-at="2015-11-24T12:26:17Z">
          <params>
            <param index="0">
              <value>
                <![CDATA[1.0]]>
              </value>
            </param>
            <param index="1">
              <value>
                <![CDATA[1.0]]>
              </value>
            </param>
          </params>
          <reporter-output>
          </reporter-output>
        </test-method> <!-- testRectangleGetPerimeter -->
        <test-method status="PASS" signature="testRectangleGetPerimeter(double, double)[pri:0, instance:environment.TestFactory@7bc0bd17]" name="testRectangleGetPerimeter" duration-ms="1" depends-on-groups="quadrate" started-at="2015-11-24T12:26:17Z" data-provider="sidesValueDataProvider" finished-at="2015-11-24T12:26:17Z">
          <params>
            <param index="0">
              <value>
                <![CDATA[1000000.0]]>
              </value>
            </param>
            <param index="1">
              <value>
                <![CDATA[123456.0]]>
              </value>
            </param>
          </params>
          <reporter-output>
          </reporter-output>
        </test-method> <!-- testRectangleGetPerimeter -->
        <test-method status="PASS" signature="testRectangleGetPerimeter(double, double)[pri:0, instance:environment.TestFactory@7bc0bd17]" name="testRectangleGetPerimeter" duration-ms="0" depends-on-groups="quadrate" started-at="2015-11-24T12:26:17Z" data-provider="sidesValueDataProvider" finished-at="2015-11-24T12:26:17Z">
          <params>
            <param index="0">
              <value>
                <![CDATA[2.0]]>
              </value>
            </param>
            <param index="1">
              <value>
                <![CDATA[2.0]]>
              </value>
            </param>
          </params>
          <reporter-output>
          </reporter-output>
        </test-method> <!-- testRectangleGetPerimeter -->
        <test-method status="PASS" signature="testRectangleGetPerimeter(double, double)[pri:0, instance:environment.TestFactory@8492b68]" name="testRectangleGetPerimeter" duration-ms="0" depends-on-groups="quadrate" started-at="2015-11-24T12:26:17Z" data-provider="sidesValueDataProvider" finished-at="2015-11-24T12:26:17Z">
          <params>
            <param index="0">
              <value>
                <![CDATA[1.0]]>
              </value>
            </param>
            <param index="1">
              <value>
                <![CDATA[1.0]]>
              </value>
            </param>
          </params>
          <reporter-output>
          </reporter-output>
        </test-method> <!-- testRectangleGetPerimeter -->
        <test-method status="PASS" signature="testRectangleGetPerimeter(double, double)[pri:0, instance:environment.TestFactory@8492b68]" name="testRectangleGetPerimeter" duration-ms="0" depends-on-groups="quadrate" started-at="2015-11-24T12:26:17Z" data-provider="sidesValueDataProvider" finished-at="2015-11-24T12:26:17Z">
          <params>
            <param index="0">
              <value>
                <![CDATA[2.0]]>
              </value>
            </param>
            <param index="1">
              <value>
                <![CDATA[2.0]]>
              </value>
            </param>
          </params>
          <reporter-output>
          </reporter-output>
        </test-method> <!-- testRectangleGetPerimeter -->
        <test-method status="PASS" signature="testRectangleGetPerimeter(double, double)[pri:0, instance:environment.TestFactory@8492b68]" name="testRectangleGetPerimeter" duration-ms="0" depends-on-groups="quadrate" started-at="2015-11-24T12:26:17Z" data-provider="sidesValueDataProvider" finished-at="2015-11-24T12:26:17Z">
          <params>
            <param index="0">
              <value>
                <![CDATA[1000000.0]]>
              </value>
            </param>
            <param index="1">
              <value>
                <![CDATA[123456.0]]>
              </value>
            </param>
          </params>
          <reporter-output>
          </reporter-output>
        </test-method> <!-- testRectangleGetPerimeter -->
        <test-method status="PASS" signature="testRectangleGetSquare(double, double)[pri:0, instance:environment.TestFactory@2abe707a]" name="testRectangleGetSquare" duration-ms="0" started-at="2015-11-24T12:26:17Z" depends-on-methods="environment.PositiveTestsNG.testRectangleGetPerimeter" finished-at="2015-11-24T12:26:17Z">
          <params>
            <param index="0">
              <value>
                <![CDATA[500.0]]>
              </value>
            </param>
            <param index="1">
              <value>
                <![CDATA[600.0]]>
              </value>
            </param>
          </params>
          <reporter-output>
          </reporter-output>
        </test-method> <!-- testRectangleGetSquare -->
        <test-method status="PASS" signature="testRectangleGetSquare(double, double)[pri:0, instance:environment.TestFactory@7bc0bd17]" name="testRectangleGetSquare" duration-ms="1" started-at="2015-11-24T12:26:17Z" depends-on-methods="environment.PositiveTestsNG.testRectangleGetPerimeter" finished-at="2015-11-24T12:26:17Z">
          <params>
            <param index="0">
              <value>
                <![CDATA[500.0]]>
              </value>
            </param>
            <param index="1">
              <value>
                <![CDATA[600.0]]>
              </value>
            </param>
          </params>
          <reporter-output>
          </reporter-output>
        </test-method> <!-- testRectangleGetSquare -->
        <test-method status="PASS" signature="testRectangleGetSquare(double, double)[pri:0, instance:environment.TestFactory@8492b68]" name="testRectangleGetSquare" duration-ms="1" started-at="2015-11-24T12:26:17Z" depends-on-methods="environment.PositiveTestsNG.testRectangleGetPerimeter" finished-at="2015-11-24T12:26:17Z">
          <params>
            <param index="0">
              <value>
                <![CDATA[500.0]]>
              </value>
            </param>
            <param index="1">
              <value>
                <![CDATA[600.0]]>
              </value>
            </param>
          </params>
          <reporter-output>
          </reporter-output>
        </test-method> <!-- testRectangleGetSquare -->
        <test-method status="FAIL" signature="testRectangleIsQuadrate()[pri:0, instance:environment.TestFactory@2abe707a]" name="testRectangleIsQuadrate" duration-ms="0" started-at="2015-11-24T12:26:17Z" depends-on-methods="environment.PositiveTestsNG.testRectangleGetSquare" finished-at="2015-11-24T12:26:17Z">
          <exception class="java.lang.AssertionError">
            <message>
              <![CDATA[expected [true] but found [false]]]>
            </message>
            <full-stacktrace>
              <![CDATA[java.lang.AssertionError: expected [true] but found [false]
	at org.testng.Assert.fail(Assert.java:94)
	at org.testng.Assert.failNotEquals(Assert.java:496)
	at org.testng.Assert.assertTrue(Assert.java:42)
	at org.testng.Assert.assertTrue(Assert.java:52)
	at environment.PositiveTestsNG.testRectangleIsQuadrate(PositiveTestsNG.java:102)
	at sun.reflect.NativeMethodAccessorImpl.invoke0(Native Method)
	at sun.reflect.NativeMethodAccessorImpl.invoke(NativeMethodAccessorImpl.java:57)
	at sun.reflect.DelegatingMethodAccessorImpl.invoke(DelegatingMethodAccessorImpl.java:43)
	at java.lang.reflect.Method.invoke(Method.java:606)
	at org.testng.internal.MethodInvocationHelper.invokeMethod(MethodInvocationHelper.java:85)
	at org.testng.internal.Invoker.invokeMethod(Invoker.java:639)
	at org.testng.internal.Invoker.invokeTestMethod(Invoker.java:816)
	at org.testng.internal.Invoker.invokeTestMethods(Invoker.java:1124)
	at org.testng.internal.TestMethodWorker.invokeTestMethods(TestMethodWorker.java:125)
	at org.testng.internal.TestMethodWorker.run(TestMethodWorker.java:108)
	at org.testng.TestRunner.privateRun(TestRunner.java:774)
	at org.testng.TestRunner.run(TestRunner.java:624)
	at org.testng.SuiteRunner.runTest(SuiteRunner.java:359)
	at org.testng.SuiteRunner.runSequentially(SuiteRunner.java:354)
	at org.testng.SuiteRunner.privateRun(SuiteRunner.java:312)
	at org.testng.SuiteRunner.run(SuiteRunner.java:261)
	at org.testng.SuiteRunnerWorker.runSuite(SuiteRunnerWorker.java:52)
	at org.testng.SuiteRunnerWorker.run(SuiteRunnerWorker.java:86)
	at org.testng.TestNG.runSuitesSequentially(TestNG.java:1215)
	at org.testng.TestNG.runSuitesLocally(TestNG.java:1140)
	at org.testng.TestNG.run(TestNG.java:1048)
	at org.testng.remote.RemoteTestNG.run(RemoteTestNG.java:112)
	at org.testng.remote.RemoteTestNG.initAndRun(RemoteTestNG.java:205)
	at org.testng.remote.RemoteTestNG.main(RemoteTestNG.java:176)
]]>
            </full-stacktrace>
          </exception> <!-- java.lang.AssertionError -->
          <reporter-output>
          </reporter-output>
        </test-method> <!-- testRectangleIsQuadrate -->
        <test-method status="PASS" signature="testRectangleIsQuadrate()[pri:0, instance:environment.TestFactory@7bc0bd17]" name="testRectangleIsQuadrate" duration-ms="0" started-at="2015-11-24T12:26:17Z" depends-on-methods="environment.PositiveTestsNG.testRectangleGetSquare" finished-at="2015-11-24T12:26:17Z">
          <reporter-output>
          </reporter-output>
        </test-method> <!-- testRectangleIsQuadrate -->
        <test-method status="PASS" signature="testRectangleIsQuadrate()[pri:0, instance:environment.TestFactory@8492b68]" name="testRectangleIsQuadrate" duration-ms="0" started-at="2015-11-24T12:26:17Z" depends-on-methods="environment.PositiveTestsNG.testRectangleGetSquare" finished-at="2015-11-24T12:26:17Z">
          <reporter-output>
          </reporter-output>
        </test-method> <!-- testRectangleIsQuadrate -->
      </class> <!-- environment.TestFactory -->
      <class name="environment.NegativeTestsNG">
        <test-method status="PASS" signature="testPreparation()[pri:0, instance:environment.NegativeTestsNG@5579d6f9]" name="testPreparation" is-config="true" duration-ms="6" started-at="2015-11-24T12:26:16Z" finished-at="2015-11-24T12:26:16Z">
          <reporter-output>
          </reporter-output>
        </test-method> <!-- testPreparation -->
        <test-method status="PASS" signature="testPreparation()[pri:0, instance:environment.TestFactory@2abe707a]" name="testPreparation" is-config="true" duration-ms="1" started-at="2015-11-24T12:26:16Z" finished-at="2015-11-24T12:26:16Z">
          <reporter-output>
          </reporter-output>
        </test-method> <!-- testPreparation -->
        <test-method status="FAIL" signature="testRectangleIsNotQuadrate()[pri:0, instance:environment.NegativeTestsNG@5579d6f9]" name="testRectangleIsNotQuadrate" duration-ms="3" started-at="2015-11-24T12:26:17Z" finished-at="2015-11-24T12:26:17Z">
          <exception class="java.lang.AssertionError">
            <message>
              <![CDATA[expected [false] but found [true]]]>
            </message>
            <full-stacktrace>
              <![CDATA[java.lang.AssertionError: expected [false] but found [true]
	at org.testng.Assert.fail(Assert.java:94)
	at org.testng.Assert.failNotEquals(Assert.java:496)
	at org.testng.Assert.assertFalse(Assert.java:63)
	at org.testng.Assert.assertFalse(Assert.java:73)
	at environment.NegativeTestsNG.testRectangleIsNotQuadrate(NegativeTestsNG.java:28)
	at sun.reflect.NativeMethodAccessorImpl.invoke0(Native Method)
	at sun.reflect.NativeMethodAccessorImpl.invoke(NativeMethodAccessorImpl.java:57)
	at sun.reflect.DelegatingMethodAccessorImpl.invoke(DelegatingMethodAccessorImpl.java:43)
	at java.lang.reflect.Method.invoke(Method.java:606)
	at org.testng.internal.MethodInvocationHelper.invokeMethod(MethodInvocationHelper.java:85)
	at org.testng.internal.Invoker.invokeMethod(Invoker.java:639)
	at org.testng.internal.Invoker.invokeTestMethod(Invoker.java:816)
	at org.testng.internal.Invoker.invokeTestMethods(Invoker.java:1124)
	at org.testng.internal.TestMethodWorker.invokeTestMethods(TestMethodWorker.java:125)
	at org.testng.internal.TestMethodWorker.run(TestMethodWorker.java:108)
	at org.testng.TestRunner.privateRun(TestRunner.java:774)
	at org.testng.TestRunner.run(TestRunner.java:624)
	at org.testng.SuiteRunner.runTest(SuiteRunner.java:359)
	at org.testng.SuiteRunner.runSequentially(SuiteRunner.java:354)
	at org.testng.SuiteRunner.privateRun(SuiteRunner.java:312)
	at org.testng.SuiteRunner.run(SuiteRunner.java:261)
	at org.testng.SuiteRunnerWorker.runSuite(SuiteRunnerWorker.java:52)
	at org.testng.SuiteRunnerWorker.run(SuiteRunnerWorker.java:86)
	at org.testng.TestNG.runSuitesSequentially(TestNG.java:1215)
	at org.testng.TestNG.runSuitesLocally(TestNG.java:1140)
	at org.testng.TestNG.run(TestNG.java:1048)
	at org.testng.remote.RemoteTestNG.run(RemoteTestNG.java:112)
	at org.testng.remote.RemoteTestNG.initAndRun(RemoteTestNG.java:205)
	at org.testng.remote.RemoteTestNG.main(RemoteTestNG.java:176)
]]>
            </full-stacktrace>
          </exception> <!-- java.lang.AssertionError -->
          <reporter-output>
          </reporter-output>
        </test-method> <!-- testRectangleIsNotQuadrate -->
        <test-method status="PASS" signature="testFinalisation()[pri:0, instance:environment.TestFactory@2abe707a]" name="testFinalisation" is-config="true" duration-ms="0" started-at="2015-11-24T12:26:17Z" finished-at="2015-11-24T12:26:17Z">
          <reporter-output>
          </reporter-output>
        </test-method> <!-- testFinalisation -->
        <test-method status="PASS" signature="testFinalisation()[pri:0, instance:environment.NegativeTestsNG@5579d6f9]" name="testFinalisation" is-config="true" duration-ms="0" started-at="2015-11-24T12:26:17Z" finished-at="2015-11-24T12:26:17Z">
          <reporter-output>
          </reporter-output>
        </test-method> <!-- testFinalisation -->
      </class> <!-- environment.NegativeTestsNG -->
    </test> <!-- Test -->
  </suite> <!-- Suite -->
</testng-results>
