<?xml version="1.0" encoding="UTF-8"?>
<!-- Generated by org.testng.reporters.JUnitXMLReporter -->
<testsuite hostname="EPRURYAW0075" name="Test" tests="31" failures="2" timestamp="24 Nov 2015 09:26:17 GMT" time="0.083" errors="0">
  <testcase name="testCircleNullPointer" time="0.003" classname="environment.TestFactory"/>
  <testcase name="testCircleNullPointer" time="0.0" classname="environment.TestFactory"/>
  <testcase name="testCircleNullPointer" time="0.0" classname="environment.TestFactory"/>
  <testcase name="testRectangleIsNotQuadrate" time="0.003" classname="environment.NegativeTestsNG">
    <failure type="java.lang.AssertionError" message="expected [false] but found [true]">
      <![CDATA[java.lang.AssertionError: expected [false] but found [true]
	at environment.NegativeTestsNG.testRectangleIsNotQuadrate(NegativeTestsNG.java:28)
... Removed 28 stack frames]]>
    </failure>
  </testcase> <!-- testRectangleIsNotQuadrate -->
  <testcase name="testCircleGetCircumference" time="0.002" classname="environment.TestFactory"/>
  <testcase name="testCircleGetCircumference" time="0.001" classname="environment.TestFactory"/>
  <testcase name="testCircleGetCircumference" time="0.002" classname="environment.TestFactory"/>
  <testcase name="testCircleGetSquare" time="0.001" classname="environment.TestFactory"/>
  <testcase name="testCircleGetSquare" time="0.001" classname="environment.TestFactory"/>
  <testcase name="testCircleGetSquare" time="0.001" classname="environment.TestFactory"/>
  <testcase name="testQuadrateGetPerimeter" time="0.0" classname="environment.TestFactory"/>
  <testcase name="testQuadrateGetPerimeter" time="0.0" classname="environment.TestFactory"/>
  <testcase name="testQuadrateGetPerimeter" time="0.001" classname="environment.TestFactory"/>
  <testcase name="testQuadrateGetSquare" time="0.0" classname="environment.TestFactory"/>
  <testcase name="testQuadrateGetSquare" time="0.001" classname="environment.TestFactory"/>
  <testcase name="testQuadrateGetSquare" time="0.0" classname="environment.TestFactory"/>
  <testcase name="testRectangleGetPerimeter" time="0.001" classname="environment.TestFactory"/>
  <testcase name="testRectangleGetPerimeter" time="0.0" classname="environment.TestFactory"/>
  <testcase name="testRectangleGetPerimeter" time="0.001" classname="environment.TestFactory"/>
  <testcase name="testRectangleGetPerimeter" time="0.0" classname="environment.TestFactory"/>
  <testcase name="testRectangleGetPerimeter" time="0.0" classname="environment.TestFactory"/>
  <testcase name="testRectangleGetPerimeter" time="0.001" classname="environment.TestFactory"/>
  <testcase name="testRectangleGetPerimeter" time="0.0" classname="environment.TestFactory"/>
  <testcase name="testRectangleGetPerimeter" time="0.0" classname="environment.TestFactory"/>
  <testcase name="testRectangleGetPerimeter" time="0.0" classname="environment.TestFactory"/>
  <testcase name="testRectangleGetSquare" time="0.0" classname="environment.TestFactory"/>
  <testcase name="testRectangleGetSquare" time="0.001" classname="environment.TestFactory"/>
  <testcase name="testRectangleGetSquare" time="0.001" classname="environment.TestFactory"/>
  <testcase name="testRectangleIsQuadrate" time="0.0" classname="environment.TestFactory">
    <failure type="java.lang.AssertionError" message="expected [true] but found [false]">
      <![CDATA[java.lang.AssertionError: expected [true] but found [false]
	at environment.PositiveTestsNG.testRectangleIsQuadrate(PositiveTestsNG.java:102)
... Removed 28 stack frames]]>
    </failure>
  </testcase> <!-- testRectangleIsQuadrate -->
  <testcase name="testRectangleIsQuadrate" time="0.0" classname="environment.TestFactory"/>
  <testcase name="testRectangleIsQuadrate" time="0.0" classname="environment.TestFactory"/>
</testsuite> <!-- Test -->
